c:\users\lobster\desktop\vegetationrendering\vegetationrendering\x64\debug\vc141.pdb
c:\users\lobster\desktop\vegetationrendering\vegetationrendering\x64\debug\vc141.idb
c:\users\lobster\desktop\vegetationrendering\vegetationrendering\x64\debug\vegetationrendering.obj
c:\users\lobster\desktop\vegetationrendering\vegetationrendering\x64\debug\test.obj
c:\users\lobster\desktop\vegetationrendering\vegetationrendering\x64\debug\ssao.obj
c:\users\lobster\desktop\vegetationrendering\vegetationrendering\x64\debug\skybox.obj
c:\users\lobster\desktop\vegetationrendering\vegetationrendering\x64\debug\shader0.obj
c:\users\lobster\desktop\vegetationrendering\vegetationrendering\x64\debug\pbr.obj
c:\users\lobster\desktop\vegetationrendering\vegetationrendering\x64\debug\particle.obj
c:\users\lobster\desktop\vegetationrendering\vegetationrendering\x64\debug\model0.obj
c:\users\lobster\desktop\vegetationrendering\vegetationrendering\x64\debug\mesh0.obj
c:\users\lobster\desktop\vegetationrendering\vegetationrendering\x64\debug\instance.obj
c:\users\lobster\desktop\vegetationrendering\vegetationrendering\x64\debug\image_load.obj
c:\users\lobster\desktop\vegetationrendering\vegetationrendering\x64\debug\gbuffer.obj
c:\users\lobster\desktop\vegetationrendering\vegetationrendering\x64\debug\crash.obj
c:\users\lobster\desktop\vegetationrendering\vegetationrendering\x64\debug\cascadedshadowmap.obj
c:\users\lobster\desktop\vegetationrendering\vegetationrendering\x64\debug\camera0.obj
c:\users\lobster\desktop\vegetationrendering\vegetationrendering\x64\debug\glad.obj
c:\users\lobster\desktop\vegetationrendering\x64\debug\vegetationrendering.ilk
c:\users\lobster\desktop\vegetationrendering\x64\debug\vegetationrendering.exe
c:\users\lobster\desktop\vegetationrendering\x64\debug\vegetationrendering.pdb
c:\users\lobster\desktop\vegetationrendering\vegetationrendering\x64\debug\vegetati.d62b05b4.tlog\cl.command.1.tlog
c:\users\lobster\desktop\vegetationrendering\vegetationrendering\x64\debug\vegetati.d62b05b4.tlog\cl.read.1.tlog
c:\users\lobster\desktop\vegetationrendering\vegetationrendering\x64\debug\vegetati.d62b05b4.tlog\cl.write.1.tlog
c:\users\lobster\desktop\vegetationrendering\vegetationrendering\x64\debug\vegetati.d62b05b4.tlog\link.command.1.tlog
c:\users\lobster\desktop\vegetationrendering\vegetationrendering\x64\debug\vegetati.d62b05b4.tlog\link.read.1.tlog
c:\users\lobster\desktop\vegetationrendering\vegetationrendering\x64\debug\vegetati.d62b05b4.tlog\link.write.1.tlog
